<?xml version="1.0" encoding="UTF-8"?>
<!-- Generated by org.testng.reporters.JUnitXMLReporter -->
<testsuite hostname="AQMIT-LPT-10782" ignored="0" name="Surefire test" tests="3" failures="0" timestamp="2022-06-10T11:51:03 IST" time="5.457" errors="0">
  <testcase name="toCreateGetUser" time="2.764" classname="com.ybl.tests.UserAPITest"/>
  <testcase name="toCreateUser" time="1.672" classname="com.ybl.tests.UserAPITest"/>
  <testcase name="toUpdatePlaylist" time="0.909" classname="com.ybl.tests.UserAPITest"/>
</testsuite> <!-- Surefire test -->
